2021-06-18 18:35:44,698:INFO:PyCaret Supervised Module
2021-06-18 18:35:44,699:INFO:ML Usecase: regression
2021-06-18 18:35:44,699:INFO:version 2.2.0
2021-06-18 18:35:44,699:INFO:Initializing setup()
2021-06-18 18:35:44,699:INFO:setup(target=valor_aluguel, ml_usecase=regression, available_plots={'parameter': 'Hyperparameters', 'residuals': 'Residuals', 'error': 'Prediction Error', 'cooks': 'Cooks Distance', 'rfe': 'Feature Selection', 'learning': 'Learning Curve', 'manifold': 'Manifold Learning', 'vc': 'Validation Curve', 'feature': 'Feature Importance', 'feature_all': 'Feature Importance (All)', 'tree': 'Decision Tree'}, train_size=0.7, test_data=None, preprocess=True, imputation_type=simple, iterative_imputation_iters=5, categorical_features=None, categorical_imputation=constant, categorical_iterative_imputer=lightgbm, ordinal_features=None, high_cardinality_features=None, high_cardinality_method=frequency, numeric_features=['num_quartos', 'num_banheiros', 'garagem', 'num_andares', 'aceita_animais', 'mobilia'], numeric_imputation=mean, numeric_iterative_imputer=lightgbm, date_features=None, ignore_features=None, normalize=False, normalize_method=zscore, transformation=False, transformation_method=yeo-johnson, handle_unknown_categorical=True, unknown_categorical_method=least_frequent, pca=False, pca_method=linear, pca_components=None, ignore_low_variance=False, combine_rare_levels=False, rare_level_threshold=0.1, bin_numeric_features=None, remove_outliers=False, outliers_threshold=0.05, remove_multicollinearity=False, multicollinearity_threshold=0.9, remove_perfect_collinearity=True, create_clusters=False, cluster_iter=20, polynomial_features=False, polynomial_degree=2, trigonometry_features=False, polynomial_threshold=0.1, group_features=None, group_names=None, feature_selection=False, feature_selection_threshold=0.8, feature_selection_method=classic, feature_interaction=False, feature_ratio=False, interaction_threshold=0.01, fix_imbalance=False, fix_imbalance_method=None, transform_target=False, transform_target_method=box-cox, data_split_shuffle=True, data_split_stratify=False, fold_strategy=kfold, fold=10, fold_shuffle=True, fold_groups=None, n_jobs=-1, use_gpu=False, custom_pipeline=None, html=True, session_id=None, log_experiment=True, experiment_name=exp-bootcamp, log_plots=False, log_profile=False, log_data=False, silent=False, verbose=True, profile=False, display=None)
2021-06-18 18:35:44,699:INFO:Checking environment
2021-06-18 18:35:44,699:INFO:python_version: 3.8.8
2021-06-18 18:35:44,699:INFO:python_build: ('default', 'Apr 13 2021 19:58:26')
2021-06-18 18:35:44,699:INFO:machine: x86_64
2021-06-18 18:35:45,066:INFO:platform: Linux-5.8.0-55-generic-x86_64-with-glibc2.10
2021-06-18 18:35:45,066:INFO:Memory: svmem(total=8258732032, available=651059200, percent=92.1, used=6597967872, free=125591552, active=6536355840, inactive=1172422656, buffers=119894016, cached=1415278592, shared=726478848, slab=252547072)
2021-06-18 18:35:45,067:INFO:Physical Core: 2
2021-06-18 18:35:45,067:INFO:Logical Core: 4
2021-06-18 18:35:45,067:INFO:Checking libraries
2021-06-18 18:35:45,067:INFO:pd==1.2.4
2021-06-18 18:35:45,067:INFO:numpy==1.19.5
2021-06-18 18:35:45,067:INFO:sklearn==0.23.2
2021-06-18 18:35:45,142:INFO:xgboost==1.4.2
2021-06-18 18:35:45,142:INFO:lightgbm==3.2.1
2021-06-18 18:35:45,405:INFO:catboost==0.26
2021-06-18 18:35:48,361:INFO:mlflow==1.17.0
2021-06-18 18:35:48,361:INFO:Checking Exceptions
2021-06-18 18:35:48,361:INFO:Declaring global variables
2021-06-18 18:35:48,361:INFO:USI: 960b
2021-06-18 18:35:48,361:INFO:pycaret_globals: {'transform_target_param', 'data_before_preprocess', 'logging_param', 'fold_generator', 'fold_shuffle_param', '_all_models', 'gpu_param', '_internal_pipeline', 'stratify_param', 'pycaret_globals', 'n_jobs_param', 'transform_target_method_param', 'exp_name_log', 'imputation_regressor', 'prep_pipe', 'display_container', 'y_train', '_gpu_n_jobs_param', 'master_model_container', 'USI', 'fix_imbalance_param', 'fold_groups_param', 'imputation_classifier', 'iterative_imputation_iters_param', 'y', 'seed', '_all_metrics', 'html_param', '_all_models_internal', 'fix_imbalance_method_param', 'experiment__', 'target_param', 'fold_param', 'X_train', 'y_test', '_available_plots', 'create_model_container', 'X_test', 'X', '_ml_usecase', 'log_plots_param'}
2021-06-18 18:35:48,361:INFO:Preparing display monitor
2021-06-18 18:35:48,361:INFO:Preparing display monitor
2021-06-18 18:35:48,380:INFO:Importing libraries
2021-06-18 18:35:48,381:INFO:Copying data for preprocessing
2021-06-18 18:35:48,395:INFO:Declaring preprocessing parameters
2021-06-18 18:35:48,399:INFO:Creating preprocessing pipeline
2021-06-18 18:35:48,426:INFO:Preprocessing pipeline created successfully
2021-06-18 18:35:48,426:ERROR:(Process Exit): setup has been interupted with user command 'quit'. setup must rerun.
2021-06-18 18:35:48,426:INFO:Creating global containers
2021-06-18 18:35:48,427:INFO:Internal pipeline: Pipeline(memory=None, steps=[('empty_step', 'passthrough')], verbose=False)
2021-06-18 18:35:52,002:INFO:Creating grid variables
2021-06-18 18:35:52,054:INFO:Logging experiment in MLFlow
2021-06-18 18:35:52,741:INFO:SubProcess save_model() called ==================================
2021-06-18 18:35:52,759:INFO:Initializing save_model()
2021-06-18 18:35:52,759:INFO:save_model(model=Pipeline(memory=None,
         steps=[('dtypes',
                 DataTypes_Auto_infer(categorical_features=[],
                                      display_types=True, features_todrop=[],
                                      id_columns=[], ml_usecase='regression',
                                      numerical_features=['num_quartos',
                                                          'num_banheiros',
                                                          'garagem',
                                                          'num_andares',
                                                          'aceita_animais',
                                                          'mobilia'],
                                      target='valor_aluguel',
                                      time_features=[])),
                ('imputer',
                 Simple_Imputer(categorical_strategy=...
                ('scaling', 'passthrough'), ('P_transform', 'passthrough'),
                ('binn', 'passthrough'), ('rem_outliers', 'passthrough'),
                ('cluster_all', 'passthrough'),
                ('dummy', Dummify(target='valor_aluguel')),
                ('fix_perfect', Remove_100(target='valor_aluguel')),
                ('clean_names', Clean_Colum_Names()),
                ('feature_select', 'passthrough'), ('fix_multi', 'passthrough'),
                ('dfs', 'passthrough'), ('pca', 'passthrough')],
         verbose=False), model_name=Transformation Pipeline, prep_pipe_=Pipeline(memory=None,
         steps=[('dtypes',
                 DataTypes_Auto_infer(categorical_features=[],
                                      display_types=True, features_todrop=[],
                                      id_columns=[], ml_usecase='regression',
                                      numerical_features=['num_quartos',
                                                          'num_banheiros',
                                                          'garagem',
                                                          'num_andares',
                                                          'aceita_animais',
                                                          'mobilia'],
                                      target='valor_aluguel',
                                      time_features=[])),
                ('imputer',
                 Simple_Imputer(categorical_strategy=...
                ('scaling', 'passthrough'), ('P_transform', 'passthrough'),
                ('binn', 'passthrough'), ('rem_outliers', 'passthrough'),
                ('cluster_all', 'passthrough'),
                ('dummy', Dummify(target='valor_aluguel')),
                ('fix_perfect', Remove_100(target='valor_aluguel')),
                ('clean_names', Clean_Colum_Names()),
                ('feature_select', 'passthrough'), ('fix_multi', 'passthrough'),
                ('dfs', 'passthrough'), ('pca', 'passthrough')],
         verbose=False), verbose=False)
2021-06-18 18:35:52,759:INFO:Adding model into prep_pipe
2021-06-18 18:35:52,761:WARNING:Only Model saved as it was a pipeline.
2021-06-18 18:35:52,769:INFO:Transformation Pipeline.pkl saved in current working directory
2021-06-18 18:35:52,774:INFO:Pipeline(memory=None,
         steps=[('dtypes',
                 DataTypes_Auto_infer(categorical_features=[],
                                      display_types=True, features_todrop=[],
                                      id_columns=[], ml_usecase='regression',
                                      numerical_features=['num_quartos',
                                                          'num_banheiros',
                                                          'garagem',
                                                          'num_andares',
                                                          'aceita_animais',
                                                          'mobilia'],
                                      target='valor_aluguel',
                                      time_features=[])),
                ('imputer',
                 Simple_Imputer(categorical_strategy=...
                ('scaling', 'passthrough'), ('P_transform', 'passthrough'),
                ('binn', 'passthrough'), ('rem_outliers', 'passthrough'),
                ('cluster_all', 'passthrough'),
                ('dummy', Dummify(target='valor_aluguel')),
                ('fix_perfect', Remove_100(target='valor_aluguel')),
                ('clean_names', Clean_Colum_Names()),
                ('feature_select', 'passthrough'), ('fix_multi', 'passthrough'),
                ('dfs', 'passthrough'), ('pca', 'passthrough')],
         verbose=False)
2021-06-18 18:35:52,774:INFO:save_model() succesfully completed......................................
2021-06-18 18:35:52,774:INFO:SubProcess save_model() end ==================================
2021-06-18 18:35:52,780:INFO:create_model_container: 0
2021-06-18 18:35:52,781:INFO:master_model_container: 0
2021-06-18 18:35:52,781:INFO:display_container: 0
2021-06-18 18:35:52,786:INFO:Pipeline(memory=None,
         steps=[('dtypes',
                 DataTypes_Auto_infer(categorical_features=[],
                                      display_types=True, features_todrop=[],
                                      id_columns=[], ml_usecase='regression',
                                      numerical_features=['num_quartos',
                                                          'num_banheiros',
                                                          'garagem',
                                                          'num_andares',
                                                          'aceita_animais',
                                                          'mobilia'],
                                      target='valor_aluguel',
                                      time_features=[])),
                ('imputer',
                 Simple_Imputer(categorical_strategy=...
                ('scaling', 'passthrough'), ('P_transform', 'passthrough'),
                ('binn', 'passthrough'), ('rem_outliers', 'passthrough'),
                ('cluster_all', 'passthrough'),
                ('dummy', Dummify(target='valor_aluguel')),
                ('fix_perfect', Remove_100(target='valor_aluguel')),
                ('clean_names', Clean_Colum_Names()),
                ('feature_select', 'passthrough'), ('fix_multi', 'passthrough'),
                ('dfs', 'passthrough'), ('pca', 'passthrough')],
         verbose=False)
2021-06-18 18:35:52,786:INFO:setup() succesfully completed......................................
2021-06-18 18:36:02,236:INFO:Initializing compare_models()
2021-06-18 18:36:02,236:INFO:compare_models(include=None, fold=5, round=4, cross_validation=True, sort=R2, n_select=1, budget_time=None, turbo=True, errors=ignore, fit_kwargs=None, groups=None, verbose=True, display=None, exclude=None)
2021-06-18 18:36:02,237:INFO:Checking exceptions
2021-06-18 18:36:02,237:INFO:Preparing display monitor
2021-06-18 18:36:02,237:INFO:Preparing display monitor
2021-06-18 18:36:02,283:INFO:Initializing Linear Regression
2021-06-18 18:36:02,283:INFO:Total runtime is 4.001458485921224e-06 minutes
2021-06-18 18:36:02,300:INFO:SubProcess create_model() called ==================================
2021-06-18 18:36:02,301:INFO:Initializing create_model()
2021-06-18 18:36:02,301:INFO:create_model(estimator=lr, fold=KFold(n_splits=5, random_state=3910, shuffle=True), round=4, cross_validation=True, predict=True, fit_kwargs={}, groups=None, refit=False, verbose=False, system=False, metrics=None, display=<pycaret.internal.Display.Display object at 0x7fd7e518f7c0>, kwargs={})
2021-06-18 18:36:02,301:INFO:Checking exceptions
2021-06-18 18:36:02,301:INFO:Importing libraries
2021-06-18 18:36:02,302:INFO:Copying training dataset
2021-06-18 18:36:02,304:INFO:Defining folds
2021-06-18 18:36:02,305:INFO:Declaring metric variables
2021-06-18 18:36:02,316:INFO:Importing untrained model
2021-06-18 18:36:02,328:INFO:Linear Regression Imported succesfully
2021-06-18 18:36:02,363:INFO:Starting cross validation
2021-06-18 18:36:02,444:INFO:Cross validating with KFold(n_splits=5, random_state=3910, shuffle=True), n_jobs=-1
2021-06-18 18:36:31,051:INFO:Calculating mean and std
2021-06-18 18:36:31,133:INFO:Creating metrics dataframe
2021-06-18 18:36:31,140:INFO:Uploading results into container
2021-06-18 18:36:31,140:INFO:Uploading model into container now
2021-06-18 18:36:31,140:INFO:create_model_container: 1
2021-06-18 18:36:31,140:INFO:master_model_container: 1
2021-06-18 18:36:31,140:INFO:display_container: 1
2021-06-18 18:36:31,141:INFO:LinearRegression(copy_X=True, fit_intercept=True, n_jobs=-1, normalize=False)
2021-06-18 18:36:31,141:INFO:create_model() succesfully completed......................................
2021-06-18 18:36:32,674:INFO:SubProcess create_model() end ==================================
2021-06-18 18:36:32,675:INFO:Creating metrics dataframe
2021-06-18 18:36:32,698:INFO:Initializing Lasso Regression
2021-06-18 18:36:32,699:INFO:Total runtime is 0.5069288929303487 minutes
2021-06-18 18:36:32,713:INFO:SubProcess create_model() called ==================================
2021-06-18 18:36:32,714:INFO:Initializing create_model()
2021-06-18 18:36:32,714:INFO:create_model(estimator=lasso, fold=KFold(n_splits=5, random_state=3910, shuffle=True), round=4, cross_validation=True, predict=True, fit_kwargs={}, groups=None, refit=False, verbose=False, system=False, metrics=None, display=<pycaret.internal.Display.Display object at 0x7fd7e518f7c0>, kwargs={})
2021-06-18 18:36:32,714:INFO:Checking exceptions
2021-06-18 18:36:32,714:INFO:Importing libraries
2021-06-18 18:36:32,714:INFO:Copying training dataset
2021-06-18 18:36:32,716:INFO:Defining folds
2021-06-18 18:36:32,716:INFO:Declaring metric variables
2021-06-18 18:36:32,729:INFO:Importing untrained model
2021-06-18 18:36:32,741:INFO:Lasso Regression Imported succesfully
2021-06-18 18:36:32,765:INFO:Starting cross validation
2021-06-18 18:36:32,766:INFO:Cross validating with KFold(n_splits=5, random_state=3910, shuffle=True), n_jobs=-1
2021-06-18 18:36:32,960:INFO:Calculating mean and std
2021-06-18 18:36:32,961:INFO:Creating metrics dataframe
2021-06-18 18:36:32,967:INFO:Uploading results into container
2021-06-18 18:36:32,967:INFO:Uploading model into container now
2021-06-18 18:36:32,967:INFO:create_model_container: 2
2021-06-18 18:36:32,968:INFO:master_model_container: 2
2021-06-18 18:36:32,968:INFO:display_container: 1
2021-06-18 18:36:32,969:INFO:Lasso(alpha=1.0, copy_X=True, fit_intercept=True, max_iter=1000,
      normalize=False, positive=False, precompute=False, random_state=3910,
      selection='cyclic', tol=0.0001, warm_start=False)
2021-06-18 18:36:32,969:INFO:create_model() succesfully completed......................................
2021-06-18 18:36:34,386:INFO:SubProcess create_model() end ==================================
2021-06-18 18:36:34,386:INFO:Creating metrics dataframe
2021-06-18 18:36:34,408:INFO:Initializing Ridge Regression
2021-06-18 18:36:34,409:INFO:Total runtime is 0.5354302207628886 minutes
2021-06-18 18:36:34,426:INFO:SubProcess create_model() called ==================================
2021-06-18 18:36:34,426:INFO:Initializing create_model()
2021-06-18 18:36:34,427:INFO:create_model(estimator=ridge, fold=KFold(n_splits=5, random_state=3910, shuffle=True), round=4, cross_validation=True, predict=True, fit_kwargs={}, groups=None, refit=False, verbose=False, system=False, metrics=None, display=<pycaret.internal.Display.Display object at 0x7fd7e518f7c0>, kwargs={})
2021-06-18 18:36:34,427:INFO:Checking exceptions
2021-06-18 18:36:34,427:INFO:Importing libraries
2021-06-18 18:36:34,427:INFO:Copying training dataset
2021-06-18 18:36:34,429:INFO:Defining folds
2021-06-18 18:36:34,429:INFO:Declaring metric variables
2021-06-18 18:36:34,449:INFO:Importing untrained model
2021-06-18 18:36:34,463:INFO:Ridge Regression Imported succesfully
2021-06-18 18:36:34,485:INFO:Starting cross validation
2021-06-18 18:36:34,486:INFO:Cross validating with KFold(n_splits=5, random_state=3910, shuffle=True), n_jobs=-1
2021-06-18 18:36:35,159:INFO:Calculating mean and std
2021-06-18 18:36:35,160:INFO:Creating metrics dataframe
2021-06-18 18:36:35,168:INFO:Uploading results into container
2021-06-18 18:36:35,169:INFO:Uploading model into container now
2021-06-18 18:36:35,169:INFO:create_model_container: 3
2021-06-18 18:36:35,169:INFO:master_model_container: 3
2021-06-18 18:36:35,169:INFO:display_container: 1
2021-06-18 18:36:35,170:INFO:Ridge(alpha=1.0, copy_X=True, fit_intercept=True, max_iter=None,
      normalize=False, random_state=3910, solver='auto', tol=0.001)
2021-06-18 18:36:35,170:INFO:create_model() succesfully completed......................................
2021-06-18 18:36:36,602:INFO:SubProcess create_model() end ==================================
2021-06-18 18:36:36,602:INFO:Creating metrics dataframe
2021-06-18 18:36:36,625:INFO:Initializing Elastic Net
2021-06-18 18:36:36,625:INFO:Total runtime is 0.5723756790161133 minutes
2021-06-18 18:36:36,641:INFO:SubProcess create_model() called ==================================
2021-06-18 18:36:36,642:INFO:Initializing create_model()
2021-06-18 18:36:36,642:INFO:create_model(estimator=en, fold=KFold(n_splits=5, random_state=3910, shuffle=True), round=4, cross_validation=True, predict=True, fit_kwargs={}, groups=None, refit=False, verbose=False, system=False, metrics=None, display=<pycaret.internal.Display.Display object at 0x7fd7e518f7c0>, kwargs={})
2021-06-18 18:36:36,642:INFO:Checking exceptions
2021-06-18 18:36:36,642:INFO:Importing libraries
2021-06-18 18:36:36,643:INFO:Copying training dataset
2021-06-18 18:36:36,644:INFO:Defining folds
2021-06-18 18:36:36,644:INFO:Declaring metric variables
2021-06-18 18:36:36,657:INFO:Importing untrained model
2021-06-18 18:36:36,674:INFO:Elastic Net Imported succesfully
2021-06-18 18:36:36,705:INFO:Starting cross validation
2021-06-18 18:36:36,707:INFO:Cross validating with KFold(n_splits=5, random_state=3910, shuffle=True), n_jobs=-1
2021-06-18 18:36:36,917:INFO:Calculating mean and std
2021-06-18 18:36:36,919:INFO:Creating metrics dataframe
2021-06-18 18:36:36,926:INFO:Uploading results into container
2021-06-18 18:36:36,927:INFO:Uploading model into container now
2021-06-18 18:36:36,927:INFO:create_model_container: 4
2021-06-18 18:36:36,927:INFO:master_model_container: 4
2021-06-18 18:36:36,927:INFO:display_container: 1
2021-06-18 18:36:36,928:INFO:ElasticNet(alpha=1.0, copy_X=True, fit_intercept=True, l1_ratio=0.5,
           max_iter=1000, normalize=False, positive=False, precompute=False,
           random_state=3910, selection='cyclic', tol=0.0001, warm_start=False)
2021-06-18 18:36:36,928:INFO:create_model() succesfully completed......................................
2021-06-18 18:36:38,341:INFO:SubProcess create_model() end ==================================
2021-06-18 18:36:38,342:INFO:Creating metrics dataframe
2021-06-18 18:36:38,365:INFO:Initializing Least Angle Regression
2021-06-18 18:36:38,365:INFO:Total runtime is 0.6013698259989421 minutes
2021-06-18 18:36:38,383:INFO:SubProcess create_model() called ==================================
2021-06-18 18:36:38,383:INFO:Initializing create_model()
2021-06-18 18:36:38,383:INFO:create_model(estimator=lar, fold=KFold(n_splits=5, random_state=3910, shuffle=True), round=4, cross_validation=True, predict=True, fit_kwargs={}, groups=None, refit=False, verbose=False, system=False, metrics=None, display=<pycaret.internal.Display.Display object at 0x7fd7e518f7c0>, kwargs={})
2021-06-18 18:36:38,383:INFO:Checking exceptions
2021-06-18 18:36:38,384:INFO:Importing libraries
2021-06-18 18:36:38,384:INFO:Copying training dataset
2021-06-18 18:36:38,385:INFO:Defining folds
2021-06-18 18:36:38,385:INFO:Declaring metric variables
2021-06-18 18:36:38,398:INFO:Importing untrained model
2021-06-18 18:36:38,415:INFO:Least Angle Regression Imported succesfully
2021-06-18 18:36:38,449:INFO:Starting cross validation
2021-06-18 18:36:38,451:INFO:Cross validating with KFold(n_splits=5, random_state=3910, shuffle=True), n_jobs=-1
2021-06-18 18:36:38,626:INFO:Calculating mean and std
2021-06-18 18:36:38,627:INFO:Creating metrics dataframe
2021-06-18 18:36:38,635:INFO:Uploading results into container
2021-06-18 18:36:38,635:INFO:Uploading model into container now
2021-06-18 18:36:38,635:INFO:create_model_container: 5
2021-06-18 18:36:38,635:INFO:master_model_container: 5
2021-06-18 18:36:38,635:INFO:display_container: 1
2021-06-18 18:36:38,636:INFO:Lars(copy_X=True, eps=2.220446049250313e-16, fit_intercept=True, fit_path=True,
     jitter=None, n_nonzero_coefs=500, normalize=True, precompute='auto',
     random_state=3910, verbose=False)
2021-06-18 18:36:38,636:INFO:create_model() succesfully completed......................................
2021-06-18 18:36:40,059:INFO:SubProcess create_model() end ==================================
2021-06-18 18:36:40,060:INFO:Creating metrics dataframe
2021-06-18 18:36:40,088:INFO:Initializing Lasso Least Angle Regression
2021-06-18 18:36:40,089:INFO:Total runtime is 0.6300978859265646 minutes
2021-06-18 18:36:40,104:INFO:SubProcess create_model() called ==================================
2021-06-18 18:36:40,104:INFO:Initializing create_model()
2021-06-18 18:36:40,105:INFO:create_model(estimator=llar, fold=KFold(n_splits=5, random_state=3910, shuffle=True), round=4, cross_validation=True, predict=True, fit_kwargs={}, groups=None, refit=False, verbose=False, system=False, metrics=None, display=<pycaret.internal.Display.Display object at 0x7fd7e518f7c0>, kwargs={})
2021-06-18 18:36:40,105:INFO:Checking exceptions
2021-06-18 18:36:40,105:INFO:Importing libraries
2021-06-18 18:36:40,106:INFO:Copying training dataset
2021-06-18 18:36:40,107:INFO:Defining folds
2021-06-18 18:36:40,107:INFO:Declaring metric variables
2021-06-18 18:36:40,119:INFO:Importing untrained model
2021-06-18 18:36:40,134:INFO:Lasso Least Angle Regression Imported succesfully
2021-06-18 18:36:40,165:INFO:Starting cross validation
2021-06-18 18:36:40,166:INFO:Cross validating with KFold(n_splits=5, random_state=3910, shuffle=True), n_jobs=-1
2021-06-18 18:36:40,248:INFO:Calculating mean and std
2021-06-18 18:36:40,250:INFO:Creating metrics dataframe
2021-06-18 18:36:40,261:INFO:Uploading results into container
2021-06-18 18:36:40,261:INFO:Uploading model into container now
2021-06-18 18:36:40,261:INFO:create_model_container: 6
2021-06-18 18:36:40,261:INFO:master_model_container: 6
2021-06-18 18:36:40,262:INFO:display_container: 1
2021-06-18 18:36:40,262:INFO:LassoLars(alpha=1.0, copy_X=True, eps=2.220446049250313e-16, fit_intercept=True,
          fit_path=True, jitter=None, max_iter=500, normalize=True,
          positive=False, precompute='auto', random_state=3910, verbose=False)
2021-06-18 18:36:40,262:INFO:create_model() succesfully completed......................................
2021-06-18 18:36:41,675:INFO:SubProcess create_model() end ==================================
2021-06-18 18:36:41,675:INFO:Creating metrics dataframe
2021-06-18 18:36:41,699:INFO:Initializing Orthogonal Matching Pursuit
2021-06-18 18:36:41,699:INFO:Total runtime is 0.6569376587867737 minutes
2021-06-18 18:36:41,712:INFO:SubProcess create_model() called ==================================
2021-06-18 18:36:41,713:INFO:Initializing create_model()
2021-06-18 18:36:41,713:INFO:create_model(estimator=omp, fold=KFold(n_splits=5, random_state=3910, shuffle=True), round=4, cross_validation=True, predict=True, fit_kwargs={}, groups=None, refit=False, verbose=False, system=False, metrics=None, display=<pycaret.internal.Display.Display object at 0x7fd7e518f7c0>, kwargs={})
2021-06-18 18:36:41,713:INFO:Checking exceptions
2021-06-18 18:36:41,713:INFO:Importing libraries
2021-06-18 18:36:41,713:INFO:Copying training dataset
2021-06-18 18:36:41,714:INFO:Defining folds
2021-06-18 18:36:41,715:INFO:Declaring metric variables
2021-06-18 18:36:41,726:INFO:Importing untrained model
2021-06-18 18:36:41,740:INFO:Orthogonal Matching Pursuit Imported succesfully
2021-06-18 18:36:41,770:INFO:Starting cross validation
2021-06-18 18:36:41,771:INFO:Cross validating with KFold(n_splits=5, random_state=3910, shuffle=True), n_jobs=-1
2021-06-18 18:36:41,849:INFO:Calculating mean and std
2021-06-18 18:36:41,850:INFO:Creating metrics dataframe
2021-06-18 18:36:41,858:INFO:Uploading results into container
2021-06-18 18:36:41,858:INFO:Uploading model into container now
2021-06-18 18:36:41,858:INFO:create_model_container: 7
2021-06-18 18:36:41,860:INFO:master_model_container: 7
2021-06-18 18:36:41,860:INFO:display_container: 1
2021-06-18 18:36:41,860:INFO:OrthogonalMatchingPursuit(fit_intercept=True, n_nonzero_coefs=None,
                          normalize=True, precompute='auto', tol=None)
2021-06-18 18:36:41,860:INFO:create_model() succesfully completed......................................
2021-06-18 18:36:43,279:INFO:SubProcess create_model() end ==================================
2021-06-18 18:36:43,279:INFO:Creating metrics dataframe
2021-06-18 18:36:43,304:INFO:Initializing Bayesian Ridge
2021-06-18 18:36:43,304:INFO:Total runtime is 0.6836888869603475 minutes
2021-06-18 18:36:43,317:INFO:SubProcess create_model() called ==================================
2021-06-18 18:36:43,318:INFO:Initializing create_model()
2021-06-18 18:36:43,318:INFO:create_model(estimator=br, fold=KFold(n_splits=5, random_state=3910, shuffle=True), round=4, cross_validation=True, predict=True, fit_kwargs={}, groups=None, refit=False, verbose=False, system=False, metrics=None, display=<pycaret.internal.Display.Display object at 0x7fd7e518f7c0>, kwargs={})
2021-06-18 18:36:43,318:INFO:Checking exceptions
2021-06-18 18:36:43,318:INFO:Importing libraries
2021-06-18 18:36:43,318:INFO:Copying training dataset
2021-06-18 18:36:43,319:INFO:Defining folds
2021-06-18 18:36:43,320:INFO:Declaring metric variables
2021-06-18 18:36:43,334:INFO:Importing untrained model
2021-06-18 18:36:43,353:INFO:Bayesian Ridge Imported succesfully
2021-06-18 18:36:43,380:INFO:Starting cross validation
2021-06-18 18:36:43,380:INFO:Cross validating with KFold(n_splits=5, random_state=3910, shuffle=True), n_jobs=-1
2021-06-18 18:36:43,641:INFO:Calculating mean and std
2021-06-18 18:36:43,642:INFO:Creating metrics dataframe
2021-06-18 18:36:43,648:INFO:Uploading results into container
2021-06-18 18:36:43,649:INFO:Uploading model into container now
2021-06-18 18:36:43,649:INFO:create_model_container: 8
2021-06-18 18:36:43,649:INFO:master_model_container: 8
2021-06-18 18:36:43,649:INFO:display_container: 1
2021-06-18 18:36:43,649:INFO:BayesianRidge(alpha_1=1e-06, alpha_2=1e-06, alpha_init=None,
              compute_score=False, copy_X=True, fit_intercept=True,
              lambda_1=1e-06, lambda_2=1e-06, lambda_init=None, n_iter=300,
              normalize=False, tol=0.001, verbose=False)
2021-06-18 18:36:43,650:INFO:create_model() succesfully completed......................................
2021-06-18 18:36:45,069:INFO:SubProcess create_model() end ==================================
2021-06-18 18:36:45,069:INFO:Creating metrics dataframe
2021-06-18 18:36:45,106:INFO:Initializing Passive Aggressive Regressor
2021-06-18 18:36:45,106:INFO:Total runtime is 0.7137255986531575 minutes
2021-06-18 18:36:45,125:INFO:SubProcess create_model() called ==================================
2021-06-18 18:36:45,126:INFO:Initializing create_model()
2021-06-18 18:36:45,126:INFO:create_model(estimator=par, fold=KFold(n_splits=5, random_state=3910, shuffle=True), round=4, cross_validation=True, predict=True, fit_kwargs={}, groups=None, refit=False, verbose=False, system=False, metrics=None, display=<pycaret.internal.Display.Display object at 0x7fd7e518f7c0>, kwargs={})
2021-06-18 18:36:45,126:INFO:Checking exceptions
2021-06-18 18:36:45,126:INFO:Importing libraries
2021-06-18 18:36:45,126:INFO:Copying training dataset
2021-06-18 18:36:45,128:INFO:Defining folds
2021-06-18 18:36:45,128:INFO:Declaring metric variables
2021-06-18 18:36:45,149:INFO:Importing untrained model
2021-06-18 18:36:45,165:INFO:Passive Aggressive Regressor Imported succesfully
2021-06-18 18:36:45,213:INFO:Starting cross validation
2021-06-18 18:36:45,214:INFO:Cross validating with KFold(n_splits=5, random_state=3910, shuffle=True), n_jobs=-1
2021-06-18 18:36:45,362:INFO:Calculating mean and std
2021-06-18 18:36:45,363:INFO:Creating metrics dataframe
2021-06-18 18:36:45,370:INFO:Uploading results into container
2021-06-18 18:36:45,370:INFO:Uploading model into container now
2021-06-18 18:36:45,370:INFO:create_model_container: 9
2021-06-18 18:36:45,370:INFO:master_model_container: 9
2021-06-18 18:36:45,370:INFO:display_container: 1
2021-06-18 18:36:45,371:INFO:PassiveAggressiveRegressor(C=1.0, average=False, early_stopping=False,
                           epsilon=0.1, fit_intercept=True,
                           loss='epsilon_insensitive', max_iter=1000,
                           n_iter_no_change=5, random_state=3910, shuffle=True,
                           tol=0.001, validation_fraction=0.1, verbose=0,
                           warm_start=False)
2021-06-18 18:36:45,371:INFO:create_model() succesfully completed......................................
2021-06-18 18:36:46,785:INFO:SubProcess create_model() end ==================================
2021-06-18 18:36:46,786:INFO:Creating metrics dataframe
2021-06-18 18:36:46,812:INFO:Initializing Huber Regressor
2021-06-18 18:36:46,812:INFO:Total runtime is 0.7421592632929483 minutes
2021-06-18 18:36:46,832:INFO:SubProcess create_model() called ==================================
2021-06-18 18:36:46,833:INFO:Initializing create_model()
2021-06-18 18:36:46,833:INFO:create_model(estimator=huber, fold=KFold(n_splits=5, random_state=3910, shuffle=True), round=4, cross_validation=True, predict=True, fit_kwargs={}, groups=None, refit=False, verbose=False, system=False, metrics=None, display=<pycaret.internal.Display.Display object at 0x7fd7e518f7c0>, kwargs={})
2021-06-18 18:36:46,833:INFO:Checking exceptions
2021-06-18 18:36:46,833:INFO:Importing libraries
2021-06-18 18:36:46,833:INFO:Copying training dataset
2021-06-18 18:36:46,835:INFO:Defining folds
2021-06-18 18:36:46,836:INFO:Declaring metric variables
2021-06-18 18:36:46,858:INFO:Importing untrained model
2021-06-18 18:36:46,872:INFO:Huber Regressor Imported succesfully
2021-06-18 18:36:46,911:INFO:Starting cross validation
2021-06-18 18:36:46,912:INFO:Cross validating with KFold(n_splits=5, random_state=3910, shuffle=True), n_jobs=-1
2021-06-18 18:36:47,553:INFO:Calculating mean and std
2021-06-18 18:36:47,554:INFO:Creating metrics dataframe
2021-06-18 18:36:47,562:INFO:Uploading results into container
2021-06-18 18:36:47,562:INFO:Uploading model into container now
2021-06-18 18:36:47,562:INFO:create_model_container: 10
2021-06-18 18:36:47,562:INFO:master_model_container: 10
2021-06-18 18:36:47,562:INFO:display_container: 1
2021-06-18 18:36:47,563:INFO:HuberRegressor(alpha=0.0001, epsilon=1.35, fit_intercept=True, max_iter=100,
               tol=1e-05, warm_start=False)
2021-06-18 18:36:47,563:INFO:create_model() succesfully completed......................................
2021-06-18 18:36:48,989:WARNING:create_model() for HuberRegressor(alpha=0.0001, epsilon=1.35, fit_intercept=True, max_iter=100,
               tol=1e-05, warm_start=False) raised an exception or returned all 0.0, trying without fit_kwargs:
2021-06-18 18:36:49,042:WARNING:Traceback (most recent call last):
  File "/home/azevedo/anaconda3/lib/python3.8/site-packages/pycaret/internal/tabular.py", line 2142, in compare_models
    assert np.sum(model_results.iloc[0]) != 0.0
AssertionError

2021-06-18 18:36:49,043:INFO:Initializing create_model()
2021-06-18 18:36:49,044:INFO:create_model(estimator=HuberRegressor(alpha=0.0001, epsilon=1.35, fit_intercept=True, max_iter=100,
               tol=1e-05, warm_start=False), fold=KFold(n_splits=5, random_state=3910, shuffle=True), round=4, cross_validation=True, predict=True, fit_kwargs=None, groups=None, refit=False, verbose=False, system=False, metrics=None, display=<pycaret.internal.Display.Display object at 0x7fd7e518f7c0>, kwargs={})
2021-06-18 18:36:49,044:INFO:Checking exceptions
2021-06-18 18:36:49,044:INFO:Importing libraries
2021-06-18 18:36:49,044:INFO:Copying training dataset
2021-06-18 18:36:49,046:INFO:Defining folds
2021-06-18 18:36:49,047:INFO:Declaring metric variables
2021-06-18 18:36:49,063:INFO:Importing untrained model
2021-06-18 18:36:49,063:INFO:Declaring custom model
2021-06-18 18:36:49,079:INFO:Huber Regressor Imported succesfully
2021-06-18 18:36:49,111:INFO:Starting cross validation
2021-06-18 18:36:49,112:INFO:Cross validating with KFold(n_splits=5, random_state=3910, shuffle=True), n_jobs=-1
2021-06-18 18:36:49,725:INFO:Calculating mean and std
2021-06-18 18:36:49,726:INFO:Creating metrics dataframe
2021-06-18 18:36:49,735:INFO:Uploading results into container
2021-06-18 18:36:49,735:INFO:Uploading model into container now
2021-06-18 18:36:49,735:INFO:create_model_container: 11
2021-06-18 18:36:49,735:INFO:master_model_container: 11
2021-06-18 18:36:49,736:INFO:display_container: 1
2021-06-18 18:36:49,737:INFO:HuberRegressor(alpha=0.0001, epsilon=1.35, fit_intercept=True, max_iter=100,
               tol=1e-05, warm_start=False)
2021-06-18 18:36:49,737:INFO:create_model() succesfully completed......................................
2021-06-18 18:36:51,160:INFO:SubProcess create_model() end ==================================
2021-06-18 18:36:51,160:INFO:Creating metrics dataframe
2021-06-18 18:36:51,188:INFO:Initializing K Neighbors Regressor
2021-06-18 18:36:51,188:INFO:Total runtime is 0.8150815963745117 minutes
2021-06-18 18:36:51,203:INFO:SubProcess create_model() called ==================================
2021-06-18 18:36:51,204:INFO:Initializing create_model()
2021-06-18 18:36:51,204:INFO:create_model(estimator=knn, fold=KFold(n_splits=5, random_state=3910, shuffle=True), round=4, cross_validation=True, predict=True, fit_kwargs={}, groups=None, refit=False, verbose=False, system=False, metrics=None, display=<pycaret.internal.Display.Display object at 0x7fd7e518f7c0>, kwargs={})
2021-06-18 18:36:51,204:INFO:Checking exceptions
2021-06-18 18:36:51,205:INFO:Importing libraries
2021-06-18 18:36:51,205:INFO:Copying training dataset
2021-06-18 18:36:51,207:INFO:Defining folds
2021-06-18 18:36:51,207:INFO:Declaring metric variables
2021-06-18 18:36:51,223:INFO:Importing untrained model
2021-06-18 18:36:51,243:INFO:K Neighbors Regressor Imported succesfully
2021-06-18 18:36:51,290:INFO:Starting cross validation
2021-06-18 18:36:51,291:INFO:Cross validating with KFold(n_splits=5, random_state=3910, shuffle=True), n_jobs=-1
2021-06-18 18:36:51,539:INFO:Calculating mean and std
2021-06-18 18:36:51,540:INFO:Creating metrics dataframe
2021-06-18 18:36:51,545:INFO:Uploading results into container
2021-06-18 18:36:51,545:INFO:Uploading model into container now
2021-06-18 18:36:51,545:INFO:create_model_container: 12
2021-06-18 18:36:51,546:INFO:master_model_container: 12
2021-06-18 18:36:51,546:INFO:display_container: 1
2021-06-18 18:36:51,546:INFO:KNeighborsRegressor(algorithm='auto', leaf_size=30, metric='minkowski',
                    metric_params=None, n_jobs=-1, n_neighbors=5, p=2,
                    weights='uniform')
2021-06-18 18:36:51,546:INFO:create_model() succesfully completed......................................
2021-06-18 18:36:52,968:INFO:SubProcess create_model() end ==================================
2021-06-18 18:36:52,968:INFO:Creating metrics dataframe
2021-06-18 18:36:52,997:INFO:Initializing Decision Tree Regressor
2021-06-18 18:36:52,997:INFO:Total runtime is 0.8452344934145609 minutes
2021-06-18 18:36:53,012:INFO:SubProcess create_model() called ==================================
2021-06-18 18:36:53,013:INFO:Initializing create_model()
2021-06-18 18:36:53,013:INFO:create_model(estimator=dt, fold=KFold(n_splits=5, random_state=3910, shuffle=True), round=4, cross_validation=True, predict=True, fit_kwargs={}, groups=None, refit=False, verbose=False, system=False, metrics=None, display=<pycaret.internal.Display.Display object at 0x7fd7e518f7c0>, kwargs={})
2021-06-18 18:36:53,013:INFO:Checking exceptions
2021-06-18 18:36:53,013:INFO:Importing libraries
2021-06-18 18:36:53,013:INFO:Copying training dataset
2021-06-18 18:36:53,014:INFO:Defining folds
2021-06-18 18:36:53,015:INFO:Declaring metric variables
2021-06-18 18:36:53,028:INFO:Importing untrained model
2021-06-18 18:36:53,047:INFO:Decision Tree Regressor Imported succesfully
2021-06-18 18:36:53,094:INFO:Starting cross validation
2021-06-18 18:36:53,095:INFO:Cross validating with KFold(n_splits=5, random_state=3910, shuffle=True), n_jobs=-1
2021-06-18 18:36:53,266:INFO:Calculating mean and std
2021-06-18 18:36:53,267:INFO:Creating metrics dataframe
2021-06-18 18:36:53,276:INFO:Uploading results into container
2021-06-18 18:36:53,276:INFO:Uploading model into container now
2021-06-18 18:36:53,276:INFO:create_model_container: 13
2021-06-18 18:36:53,277:INFO:master_model_container: 13
2021-06-18 18:36:53,277:INFO:display_container: 1
2021-06-18 18:36:53,277:INFO:DecisionTreeRegressor(ccp_alpha=0.0, criterion='mse', max_depth=None,
                      max_features=None, max_leaf_nodes=None,
                      min_impurity_decrease=0.0, min_impurity_split=None,
                      min_samples_leaf=1, min_samples_split=2,
                      min_weight_fraction_leaf=0.0, presort='deprecated',
                      random_state=3910, splitter='best')
2021-06-18 18:36:53,277:INFO:create_model() succesfully completed......................................
2021-06-18 18:36:54,698:INFO:SubProcess create_model() end ==================================
2021-06-18 18:36:54,698:INFO:Creating metrics dataframe
2021-06-18 18:36:54,732:INFO:Initializing Random Forest Regressor
2021-06-18 18:36:54,732:INFO:Total runtime is 0.8741537809371948 minutes
2021-06-18 18:36:54,747:INFO:SubProcess create_model() called ==================================
2021-06-18 18:36:54,748:INFO:Initializing create_model()
2021-06-18 18:36:54,748:INFO:create_model(estimator=rf, fold=KFold(n_splits=5, random_state=3910, shuffle=True), round=4, cross_validation=True, predict=True, fit_kwargs={}, groups=None, refit=False, verbose=False, system=False, metrics=None, display=<pycaret.internal.Display.Display object at 0x7fd7e518f7c0>, kwargs={})
2021-06-18 18:36:54,748:INFO:Checking exceptions
2021-06-18 18:36:54,748:INFO:Importing libraries
2021-06-18 18:36:54,748:INFO:Copying training dataset
2021-06-18 18:36:54,749:INFO:Defining folds
2021-06-18 18:36:54,750:INFO:Declaring metric variables
2021-06-18 18:36:54,766:INFO:Importing untrained model
2021-06-18 18:36:54,786:INFO:Random Forest Regressor Imported succesfully
2021-06-18 18:36:54,821:INFO:Starting cross validation
2021-06-18 18:36:54,822:INFO:Cross validating with KFold(n_splits=5, random_state=3910, shuffle=True), n_jobs=-1
2021-06-18 18:37:00,003:INFO:Calculating mean and std
2021-06-18 18:37:00,004:INFO:Creating metrics dataframe
2021-06-18 18:37:00,010:INFO:Uploading results into container
2021-06-18 18:37:00,011:INFO:Uploading model into container now
2021-06-18 18:37:00,011:INFO:create_model_container: 14
2021-06-18 18:37:00,011:INFO:master_model_container: 14
2021-06-18 18:37:00,011:INFO:display_container: 1
2021-06-18 18:37:00,012:INFO:RandomForestRegressor(bootstrap=True, ccp_alpha=0.0, criterion='mse',
                      max_depth=None, max_features='auto', max_leaf_nodes=None,
                      max_samples=None, min_impurity_decrease=0.0,
                      min_impurity_split=None, min_samples_leaf=1,
                      min_samples_split=2, min_weight_fraction_leaf=0.0,
                      n_estimators=100, n_jobs=-1, oob_score=False,
                      random_state=3910, verbose=0, warm_start=False)
2021-06-18 18:37:00,012:INFO:create_model() succesfully completed......................................
2021-06-18 18:37:01,428:INFO:SubProcess create_model() end ==================================
2021-06-18 18:37:01,428:INFO:Creating metrics dataframe
2021-06-18 18:37:01,457:INFO:Initializing Extra Trees Regressor
2021-06-18 18:37:01,458:INFO:Total runtime is 0.9862466613451639 minutes
2021-06-18 18:37:01,473:INFO:SubProcess create_model() called ==================================
2021-06-18 18:37:01,474:INFO:Initializing create_model()
2021-06-18 18:37:01,474:INFO:create_model(estimator=et, fold=KFold(n_splits=5, random_state=3910, shuffle=True), round=4, cross_validation=True, predict=True, fit_kwargs={}, groups=None, refit=False, verbose=False, system=False, metrics=None, display=<pycaret.internal.Display.Display object at 0x7fd7e518f7c0>, kwargs={})
2021-06-18 18:37:01,474:INFO:Checking exceptions
2021-06-18 18:37:01,474:INFO:Importing libraries
2021-06-18 18:37:01,475:INFO:Copying training dataset
2021-06-18 18:37:01,476:INFO:Defining folds
2021-06-18 18:37:01,476:INFO:Declaring metric variables
2021-06-18 18:37:01,488:INFO:Importing untrained model
2021-06-18 18:37:01,501:INFO:Extra Trees Regressor Imported succesfully
2021-06-18 18:37:01,537:INFO:Starting cross validation
2021-06-18 18:37:01,538:INFO:Cross validating with KFold(n_splits=5, random_state=3910, shuffle=True), n_jobs=-1
2021-06-18 18:37:05,556:INFO:Calculating mean and std
2021-06-18 18:37:05,557:INFO:Creating metrics dataframe
2021-06-18 18:37:05,563:INFO:Uploading results into container
2021-06-18 18:37:05,563:INFO:Uploading model into container now
2021-06-18 18:37:05,563:INFO:create_model_container: 15
2021-06-18 18:37:05,563:INFO:master_model_container: 15
2021-06-18 18:37:05,563:INFO:display_container: 1
2021-06-18 18:37:05,564:INFO:ExtraTreesRegressor(bootstrap=False, ccp_alpha=0.0, criterion='mse',
                    max_depth=None, max_features='auto', max_leaf_nodes=None,
                    max_samples=None, min_impurity_decrease=0.0,
                    min_impurity_split=None, min_samples_leaf=1,
                    min_samples_split=2, min_weight_fraction_leaf=0.0,
                    n_estimators=100, n_jobs=-1, oob_score=False,
                    random_state=3910, verbose=0, warm_start=False)
2021-06-18 18:37:05,564:INFO:create_model() succesfully completed......................................
2021-06-18 18:37:06,998:INFO:SubProcess create_model() end ==================================
2021-06-18 18:37:06,998:INFO:Creating metrics dataframe
2021-06-18 18:37:07,028:INFO:Initializing AdaBoost Regressor
2021-06-18 18:37:07,028:INFO:Total runtime is 1.0790834347407023 minutes
2021-06-18 18:37:07,039:INFO:SubProcess create_model() called ==================================
2021-06-18 18:37:07,040:INFO:Initializing create_model()
2021-06-18 18:37:07,040:INFO:create_model(estimator=ada, fold=KFold(n_splits=5, random_state=3910, shuffle=True), round=4, cross_validation=True, predict=True, fit_kwargs={}, groups=None, refit=False, verbose=False, system=False, metrics=None, display=<pycaret.internal.Display.Display object at 0x7fd7e518f7c0>, kwargs={})
2021-06-18 18:37:07,040:INFO:Checking exceptions
2021-06-18 18:37:07,040:INFO:Importing libraries
2021-06-18 18:37:07,040:INFO:Copying training dataset
2021-06-18 18:37:07,041:INFO:Defining folds
2021-06-18 18:37:07,041:INFO:Declaring metric variables
2021-06-18 18:37:07,052:INFO:Importing untrained model
2021-06-18 18:37:07,062:INFO:AdaBoost Regressor Imported succesfully
2021-06-18 18:37:07,082:INFO:Starting cross validation
2021-06-18 18:37:07,082:INFO:Cross validating with KFold(n_splits=5, random_state=3910, shuffle=True), n_jobs=-1
2021-06-18 18:37:08,226:INFO:Calculating mean and std
2021-06-18 18:37:08,227:INFO:Creating metrics dataframe
2021-06-18 18:37:08,233:INFO:Uploading results into container
2021-06-18 18:37:08,234:INFO:Uploading model into container now
2021-06-18 18:37:08,234:INFO:create_model_container: 16
2021-06-18 18:37:08,234:INFO:master_model_container: 16
2021-06-18 18:37:08,234:INFO:display_container: 1
2021-06-18 18:37:08,234:INFO:AdaBoostRegressor(base_estimator=None, learning_rate=1.0, loss='linear',
                  n_estimators=50, random_state=3910)
2021-06-18 18:37:08,234:INFO:create_model() succesfully completed......................................
2021-06-18 18:37:09,666:INFO:SubProcess create_model() end ==================================
2021-06-18 18:37:09,666:INFO:Creating metrics dataframe
2021-06-18 18:37:09,711:INFO:Initializing Gradient Boosting Regressor
2021-06-18 18:37:09,711:INFO:Total runtime is 1.1238060275713604 minutes
2021-06-18 18:37:09,727:INFO:SubProcess create_model() called ==================================
2021-06-18 18:37:09,727:INFO:Initializing create_model()
2021-06-18 18:37:09,727:INFO:create_model(estimator=gbr, fold=KFold(n_splits=5, random_state=3910, shuffle=True), round=4, cross_validation=True, predict=True, fit_kwargs={}, groups=None, refit=False, verbose=False, system=False, metrics=None, display=<pycaret.internal.Display.Display object at 0x7fd7e518f7c0>, kwargs={})
2021-06-18 18:37:09,727:INFO:Checking exceptions
2021-06-18 18:37:09,727:INFO:Importing libraries
2021-06-18 18:37:09,728:INFO:Copying training dataset
2021-06-18 18:37:09,729:INFO:Defining folds
2021-06-18 18:37:09,729:INFO:Declaring metric variables
2021-06-18 18:37:09,751:INFO:Importing untrained model
2021-06-18 18:37:09,769:INFO:Gradient Boosting Regressor Imported succesfully
2021-06-18 18:37:09,823:INFO:Starting cross validation
2021-06-18 18:37:09,824:INFO:Cross validating with KFold(n_splits=5, random_state=3910, shuffle=True), n_jobs=-1
2021-06-18 18:37:11,799:INFO:Calculating mean and std
2021-06-18 18:37:11,800:INFO:Creating metrics dataframe
2021-06-18 18:37:11,807:INFO:Uploading results into container
2021-06-18 18:37:11,807:INFO:Uploading model into container now
2021-06-18 18:37:11,807:INFO:create_model_container: 17
2021-06-18 18:37:11,808:INFO:master_model_container: 17
2021-06-18 18:37:11,808:INFO:display_container: 1
2021-06-18 18:37:11,809:INFO:GradientBoostingRegressor(alpha=0.9, ccp_alpha=0.0, criterion='friedman_mse',
                          init=None, learning_rate=0.1, loss='ls', max_depth=3,
                          max_features=None, max_leaf_nodes=None,
                          min_impurity_decrease=0.0, min_impurity_split=None,
                          min_samples_leaf=1, min_samples_split=2,
                          min_weight_fraction_leaf=0.0, n_estimators=100,
                          n_iter_no_change=None, presort='deprecated',
                          random_state=3910, subsample=1.0, tol=0.0001,
                          validation_fraction=0.1, verbose=0, warm_start=False)
2021-06-18 18:37:11,809:INFO:create_model() succesfully completed......................................
2021-06-18 18:37:13,219:INFO:SubProcess create_model() end ==================================
2021-06-18 18:37:13,220:INFO:Creating metrics dataframe
2021-06-18 18:37:13,250:INFO:Initializing Extreme Gradient Boosting
2021-06-18 18:37:13,250:INFO:Total runtime is 1.1827810406684878 minutes
2021-06-18 18:37:13,268:INFO:SubProcess create_model() called ==================================
2021-06-18 18:37:13,269:INFO:Initializing create_model()
2021-06-18 18:37:13,269:INFO:create_model(estimator=xgboost, fold=KFold(n_splits=5, random_state=3910, shuffle=True), round=4, cross_validation=True, predict=True, fit_kwargs={}, groups=None, refit=False, verbose=False, system=False, metrics=None, display=<pycaret.internal.Display.Display object at 0x7fd7e518f7c0>, kwargs={})
2021-06-18 18:37:13,269:INFO:Checking exceptions
2021-06-18 18:37:13,269:INFO:Importing libraries
2021-06-18 18:37:13,269:INFO:Copying training dataset
2021-06-18 18:37:13,271:INFO:Defining folds
2021-06-18 18:37:13,271:INFO:Declaring metric variables
2021-06-18 18:37:13,283:INFO:Importing untrained model
2021-06-18 18:37:13,300:INFO:Extreme Gradient Boosting Imported succesfully
2021-06-18 18:37:13,329:INFO:Starting cross validation
2021-06-18 18:37:13,330:INFO:Cross validating with KFold(n_splits=5, random_state=3910, shuffle=True), n_jobs=-1
2021-06-18 18:37:19,606:INFO:Calculating mean and std
2021-06-18 18:37:19,607:INFO:Creating metrics dataframe
2021-06-18 18:37:19,613:INFO:Uploading results into container
2021-06-18 18:37:19,613:INFO:Uploading model into container now
2021-06-18 18:37:19,614:INFO:create_model_container: 18
2021-06-18 18:37:19,614:INFO:master_model_container: 18
2021-06-18 18:37:19,614:INFO:display_container: 1
2021-06-18 18:37:19,615:INFO:XGBRegressor(base_score=None, booster='gbtree', colsample_bylevel=None,
             colsample_bynode=None, colsample_bytree=None, gamma=None,
             gpu_id=None, importance_type='gain', interaction_constraints=None,
             learning_rate=None, max_delta_step=None, max_depth=None,
             min_child_weight=None, missing=nan, monotone_constraints=None,
             n_estimators=100, n_jobs=-1, num_parallel_tree=None,
             objective='reg:squarederror', random_state=3910, reg_alpha=None,
             reg_lambda=None, scale_pos_weight=None, subsample=None,
             tree_method='auto', validate_parameters=None, verbosity=0)
2021-06-18 18:37:19,615:INFO:create_model() succesfully completed......................................
2021-06-18 18:37:21,050:INFO:SubProcess create_model() end ==================================
2021-06-18 18:37:21,050:INFO:Creating metrics dataframe
2021-06-18 18:37:21,082:INFO:Initializing Light Gradient Boosting Machine
2021-06-18 18:37:21,082:INFO:Total runtime is 1.313317394256592 minutes
2021-06-18 18:37:21,095:INFO:SubProcess create_model() called ==================================
2021-06-18 18:37:21,096:INFO:Initializing create_model()
2021-06-18 18:37:21,096:INFO:create_model(estimator=lightgbm, fold=KFold(n_splits=5, random_state=3910, shuffle=True), round=4, cross_validation=True, predict=True, fit_kwargs={}, groups=None, refit=False, verbose=False, system=False, metrics=None, display=<pycaret.internal.Display.Display object at 0x7fd7e518f7c0>, kwargs={})
2021-06-18 18:37:21,096:INFO:Checking exceptions
2021-06-18 18:37:21,096:INFO:Importing libraries
2021-06-18 18:37:21,096:INFO:Copying training dataset
2021-06-18 18:37:21,097:INFO:Defining folds
2021-06-18 18:37:21,098:INFO:Declaring metric variables
2021-06-18 18:37:21,112:INFO:Importing untrained model
2021-06-18 18:37:21,126:INFO:Light Gradient Boosting Machine Imported succesfully
2021-06-18 18:37:21,164:INFO:Starting cross validation
2021-06-18 18:37:21,165:INFO:Cross validating with KFold(n_splits=5, random_state=3910, shuffle=True), n_jobs=-1
2021-06-18 18:37:33,180:INFO:Calculating mean and std
2021-06-18 18:37:33,181:INFO:Creating metrics dataframe
2021-06-18 18:37:33,190:INFO:Uploading results into container
2021-06-18 18:37:33,190:INFO:Uploading model into container now
2021-06-18 18:37:33,190:INFO:create_model_container: 19
2021-06-18 18:37:33,190:INFO:master_model_container: 19
2021-06-18 18:37:33,191:INFO:display_container: 1
2021-06-18 18:37:33,192:INFO:LGBMRegressor(boosting_type='gbdt', class_weight=None, colsample_bytree=1.0,
              importance_type='split', learning_rate=0.1, max_depth=-1,
              min_child_samples=20, min_child_weight=0.001, min_split_gain=0.0,
              n_estimators=100, n_jobs=-1, num_leaves=31, objective=None,
              random_state=3910, reg_alpha=0.0, reg_lambda=0.0, silent=True,
              subsample=1.0, subsample_for_bin=200000, subsample_freq=0)
2021-06-18 18:37:33,192:INFO:create_model() succesfully completed......................................
2021-06-18 18:37:34,627:INFO:SubProcess create_model() end ==================================
2021-06-18 18:37:34,628:INFO:Creating metrics dataframe
2021-06-18 18:37:34,660:INFO:Initializing CatBoost Regressor
2021-06-18 18:37:34,660:INFO:Total runtime is 1.5396165927251184 minutes
2021-06-18 18:37:34,673:INFO:SubProcess create_model() called ==================================
2021-06-18 18:37:34,673:INFO:Initializing create_model()
2021-06-18 18:37:34,673:INFO:create_model(estimator=catboost, fold=KFold(n_splits=5, random_state=3910, shuffle=True), round=4, cross_validation=True, predict=True, fit_kwargs={}, groups=None, refit=False, verbose=False, system=False, metrics=None, display=<pycaret.internal.Display.Display object at 0x7fd7e518f7c0>, kwargs={})
2021-06-18 18:37:34,673:INFO:Checking exceptions
2021-06-18 18:37:34,673:INFO:Importing libraries
2021-06-18 18:37:34,674:INFO:Copying training dataset
2021-06-18 18:37:34,675:INFO:Defining folds
2021-06-18 18:37:34,675:INFO:Declaring metric variables
2021-06-18 18:37:34,688:INFO:Importing untrained model
2021-06-18 18:37:34,759:INFO:CatBoost Regressor Imported succesfully
2021-06-18 18:37:34,799:INFO:Starting cross validation
2021-06-18 18:37:34,800:INFO:Cross validating with KFold(n_splits=5, random_state=3910, shuffle=True), n_jobs=-1
2021-06-18 18:37:47,544:INFO:Calculating mean and std
2021-06-18 18:37:47,544:INFO:Creating metrics dataframe
2021-06-18 18:37:47,549:INFO:Uploading results into container
2021-06-18 18:37:47,549:INFO:Uploading model into container now
2021-06-18 18:37:47,550:INFO:create_model_container: 20
2021-06-18 18:37:47,550:INFO:master_model_container: 20
2021-06-18 18:37:47,550:INFO:display_container: 1
2021-06-18 18:37:47,550:INFO:<catboost.core.CatBoostRegressor object at 0x7fd7dfea24f0>
2021-06-18 18:37:47,550:INFO:create_model() succesfully completed......................................
2021-06-18 18:37:48,986:INFO:SubProcess create_model() end ==================================
2021-06-18 18:37:48,986:INFO:Creating metrics dataframe
2021-06-18 18:37:49,052:INFO:Initializing create_model()
2021-06-18 18:37:49,053:INFO:create_model(estimator=ExtraTreesRegressor(bootstrap=False, ccp_alpha=0.0, criterion='mse',
                    max_depth=None, max_features='auto', max_leaf_nodes=None,
                    max_samples=None, min_impurity_decrease=0.0,
                    min_impurity_split=None, min_samples_leaf=1,
                    min_samples_split=2, min_weight_fraction_leaf=0.0,
                    n_estimators=100, n_jobs=-1, oob_score=False,
                    random_state=3910, verbose=0, warm_start=False), fold=KFold(n_splits=5, random_state=3910, shuffle=True), round=4, cross_validation=False, predict=False, fit_kwargs={}, groups=None, refit=True, verbose=False, system=False, metrics=None, display=None, kwargs={})
2021-06-18 18:37:49,053:INFO:Checking exceptions
2021-06-18 18:37:49,054:INFO:Importing libraries
2021-06-18 18:37:49,054:INFO:Copying training dataset
2021-06-18 18:37:49,054:INFO:Defining folds
2021-06-18 18:37:49,054:INFO:Declaring metric variables
2021-06-18 18:37:49,055:INFO:Importing untrained model
2021-06-18 18:37:49,055:INFO:Declaring custom model
2021-06-18 18:37:49,056:INFO:Extra Trees Regressor Imported succesfully
2021-06-18 18:37:49,056:INFO:Cross validation set to False
2021-06-18 18:37:49,056:INFO:Fitting Model
2021-06-18 18:37:49,990:INFO:ExtraTreesRegressor(bootstrap=False, ccp_alpha=0.0, criterion='mse',
                    max_depth=None, max_features='auto', max_leaf_nodes=None,
                    max_samples=None, min_impurity_decrease=0.0,
                    min_impurity_split=None, min_samples_leaf=1,
                    min_samples_split=2, min_weight_fraction_leaf=0.0,
                    n_estimators=100, n_jobs=-1, oob_score=False,
                    random_state=3910, verbose=0, warm_start=False)
2021-06-18 18:37:49,990:INFO:create_models() succesfully completed......................................
2021-06-18 18:37:51,406:INFO:Creating MLFlow logs
2021-06-18 18:37:51,538:INFO:Model: Extra Trees Regressor
2021-06-18 18:37:51,579:INFO:logged params: {'bootstrap': False, 'ccp_alpha': 0.0, 'criterion': 'mse', 'max_depth': None, 'max_features': 'auto', 'max_leaf_nodes': None, 'max_samples': None, 'min_impurity_decrease': 0.0, 'min_impurity_split': None, 'min_samples_leaf': 1, 'min_samples_split': 2, 'min_weight_fraction_leaf': 0.0, 'n_estimators': 100, 'n_jobs': -1, 'oob_score': False, 'random_state': 3910, 'verbose': 0, 'warm_start': False}
2021-06-18 18:37:51,595:INFO:Initializing predict_model()
2021-06-18 18:37:51,595:INFO:predict_model(estimator=ExtraTreesRegressor(bootstrap=False, ccp_alpha=0.0, criterion='mse',
                    max_depth=None, max_features='auto', max_leaf_nodes=None,
                    max_samples=None, min_impurity_decrease=0.0,
                    min_impurity_split=None, min_samples_leaf=1,
                    min_samples_split=2, min_weight_fraction_leaf=0.0,
                    n_estimators=100, n_jobs=-1, oob_score=False,
                    random_state=3910, verbose=0, warm_start=False), probability_threshold=None, encoded_labels=False, round=4, verbose=False, ml_usecase=None, display=None)
2021-06-18 18:37:51,595:INFO:Checking exceptions
2021-06-18 18:37:51,595:INFO:Preloading libraries
2021-06-18 18:37:57,174:INFO:Creating MLFlow logs
2021-06-18 18:37:57,186:INFO:Model: CatBoost Regressor
2021-06-18 18:37:57,197:INFO:logged params: {'loss_function': 'RMSE', 'border_count': 254, 'verbose': False, 'task_type': 'CPU', 'random_state': 3910}
2021-06-18 18:37:58,674:INFO:Creating MLFlow logs
2021-06-18 18:37:58,686:INFO:Model: Extreme Gradient Boosting
2021-06-18 18:37:58,700:INFO:logged params: {'objective': 'reg:squarederror', 'base_score': None, 'booster': 'gbtree', 'colsample_bylevel': None, 'colsample_bynode': None, 'colsample_bytree': None, 'gamma': None, 'gpu_id': None, 'importance_type': 'gain', 'interaction_constraints': None, 'learning_rate': None, 'max_delta_step': None, 'max_depth': None, 'min_child_weight': None, 'missing': nan, 'monotone_constraints': None, 'n_estimators': 100, 'n_jobs': -1, 'num_parallel_tree': None, 'random_state': 3910, 'reg_alpha': None, 'reg_lambda': None, 'scale_pos_weight': None, 'subsample': None, 'tree_method': 'auto', 'validate_parameters': None, 'verbosity': 0}
2021-06-18 18:38:00,171:INFO:Creating MLFlow logs
2021-06-18 18:38:00,185:INFO:Model: Gradient Boosting Regressor
2021-06-18 18:38:00,192:INFO:logged params: {'alpha': 0.9, 'ccp_alpha': 0.0, 'criterion': 'friedman_mse', 'init': None, 'learning_rate': 0.1, 'loss': 'ls', 'max_depth': 3, 'max_features': None, 'max_leaf_nodes': None, 'min_impurity_decrease': 0.0, 'min_impurity_split': None, 'min_samples_leaf': 1, 'min_samples_split': 2, 'min_weight_fraction_leaf': 0.0, 'n_estimators': 100, 'n_iter_no_change': None, 'presort': 'deprecated', 'random_state': 3910, 'subsample': 1.0, 'tol': 0.0001, 'validation_fraction': 0.1, 'verbose': 0, 'warm_start': False}
2021-06-18 18:38:01,654:INFO:Creating MLFlow logs
2021-06-18 18:38:01,667:INFO:Model: Light Gradient Boosting Machine
2021-06-18 18:38:01,679:INFO:logged params: {'boosting_type': 'gbdt', 'class_weight': None, 'colsample_bytree': 1.0, 'importance_type': 'split', 'learning_rate': 0.1, 'max_depth': -1, 'min_child_samples': 20, 'min_child_weight': 0.001, 'min_split_gain': 0.0, 'n_estimators': 100, 'n_jobs': -1, 'num_leaves': 31, 'objective': None, 'random_state': 3910, 'reg_alpha': 0.0, 'reg_lambda': 0.0, 'silent': True, 'subsample': 1.0, 'subsample_for_bin': 200000, 'subsample_freq': 0}
2021-06-18 18:38:03,151:INFO:Creating MLFlow logs
2021-06-18 18:38:03,164:INFO:Model: Random Forest Regressor
2021-06-18 18:38:03,177:INFO:logged params: {'bootstrap': True, 'ccp_alpha': 0.0, 'criterion': 'mse', 'max_depth': None, 'max_features': 'auto', 'max_leaf_nodes': None, 'max_samples': None, 'min_impurity_decrease': 0.0, 'min_impurity_split': None, 'min_samples_leaf': 1, 'min_samples_split': 2, 'min_weight_fraction_leaf': 0.0, 'n_estimators': 100, 'n_jobs': -1, 'oob_score': False, 'random_state': 3910, 'verbose': 0, 'warm_start': False}
2021-06-18 18:38:04,654:INFO:Creating MLFlow logs
2021-06-18 18:38:04,668:INFO:Model: Decision Tree Regressor
2021-06-18 18:38:04,677:INFO:logged params: {'ccp_alpha': 0.0, 'criterion': 'mse', 'max_depth': None, 'max_features': None, 'max_leaf_nodes': None, 'min_impurity_decrease': 0.0, 'min_impurity_split': None, 'min_samples_leaf': 1, 'min_samples_split': 2, 'min_weight_fraction_leaf': 0.0, 'presort': 'deprecated', 'random_state': 3910, 'splitter': 'best'}
2021-06-18 18:38:06,137:INFO:Creating MLFlow logs
2021-06-18 18:38:06,149:INFO:Model: Least Angle Regression
2021-06-18 18:38:06,198:INFO:logged params: {'alpha': 1.0, 'copy_X': True, 'eps': 2.220446049250313e-16, 'fit_intercept': True, 'fit_path': True, 'jitter': None, 'max_iter': 500, 'normalize': True, 'positive': False, 'precompute': 'auto', 'random_state': 3910, 'verbose': False}
2021-06-18 18:38:07,658:INFO:Creating MLFlow logs
2021-06-18 18:38:07,671:INFO:Model: Orthogonal Matching Pursuit
2021-06-18 18:38:07,680:INFO:logged params: {'fit_intercept': True, 'n_nonzero_coefs': None, 'normalize': True, 'precompute': 'auto', 'tol': None}
2021-06-18 18:38:09,162:INFO:Creating MLFlow logs
2021-06-18 18:38:09,176:INFO:Model: Least Angle Regression
2021-06-18 18:38:09,189:INFO:logged params: {'copy_X': True, 'eps': 2.220446049250313e-16, 'fit_intercept': True, 'fit_path': True, 'jitter': None, 'n_nonzero_coefs': 500, 'normalize': True, 'precompute': 'auto', 'random_state': 3910, 'verbose': False}
2021-06-18 18:38:10,666:INFO:Creating MLFlow logs
2021-06-18 18:38:10,680:INFO:Model: Linear Regression
2021-06-18 18:38:10,688:INFO:logged params: {'copy_X': True, 'fit_intercept': True, 'n_jobs': -1, 'normalize': False}
2021-06-18 18:38:12,148:INFO:Creating MLFlow logs
2021-06-18 18:38:12,163:INFO:Model: Ridge Regression
2021-06-18 18:38:12,173:INFO:logged params: {'alpha': 1.0, 'copy_X': True, 'fit_intercept': True, 'max_iter': None, 'normalize': False, 'random_state': 3910, 'solver': 'auto', 'tol': 0.001}
2021-06-18 18:38:13,642:INFO:Creating MLFlow logs
2021-06-18 18:38:13,658:INFO:Model: Bayesian Ridge
2021-06-18 18:38:13,666:INFO:logged params: {'alpha_1': 1e-06, 'alpha_2': 1e-06, 'alpha_init': None, 'compute_score': False, 'copy_X': True, 'fit_intercept': True, 'lambda_1': 1e-06, 'lambda_2': 1e-06, 'lambda_init': None, 'n_iter': 300, 'normalize': False, 'tol': 0.001, 'verbose': False}
2021-06-18 18:38:15,148:INFO:Creating MLFlow logs
2021-06-18 18:38:15,162:INFO:Model: Lasso Regression
2021-06-18 18:38:15,171:INFO:logged params: {'alpha': 1.0, 'copy_X': True, 'fit_intercept': True, 'max_iter': 1000, 'normalize': False, 'positive': False, 'precompute': False, 'random_state': 3910, 'selection': 'cyclic', 'tol': 0.0001, 'warm_start': False}
2021-06-18 18:38:16,654:INFO:Creating MLFlow logs
2021-06-18 18:38:16,665:INFO:Model: Elastic Net
2021-06-18 18:38:16,674:INFO:logged params: {'alpha': 1.0, 'copy_X': True, 'fit_intercept': True, 'l1_ratio': 0.5, 'max_iter': 1000, 'normalize': False, 'positive': False, 'precompute': False, 'random_state': 3910, 'selection': 'cyclic', 'tol': 0.0001, 'warm_start': False}
2021-06-18 18:38:18,148:INFO:Creating MLFlow logs
2021-06-18 18:38:18,161:INFO:Model: AdaBoost Regressor
2021-06-18 18:38:18,170:INFO:logged params: {'base_estimator': None, 'learning_rate': 1.0, 'loss': 'linear', 'n_estimators': 50, 'random_state': 3910}
2021-06-18 18:38:19,619:INFO:Creating MLFlow logs
2021-06-18 18:38:19,632:INFO:Model: K Neighbors Regressor
2021-06-18 18:38:19,645:INFO:logged params: {'algorithm': 'auto', 'leaf_size': 30, 'metric': 'minkowski', 'metric_params': None, 'n_jobs': -1, 'n_neighbors': 5, 'p': 2, 'weights': 'uniform'}
2021-06-18 18:38:21,117:INFO:Creating MLFlow logs
2021-06-18 18:38:21,130:INFO:Model: Huber Regressor
2021-06-18 18:38:21,141:INFO:logged params: {'alpha': 0.0001, 'epsilon': 1.35, 'fit_intercept': True, 'max_iter': 100, 'tol': 1e-05, 'warm_start': False}
2021-06-18 18:38:22,601:INFO:Creating MLFlow logs
2021-06-18 18:38:22,614:INFO:Model: Passive Aggressive Regressor
2021-06-18 18:38:22,624:INFO:logged params: {'C': 1.0, 'average': False, 'early_stopping': False, 'epsilon': 0.1, 'fit_intercept': True, 'loss': 'epsilon_insensitive', 'max_iter': 1000, 'n_iter_no_change': 5, 'random_state': 3910, 'shuffle': True, 'tol': 0.001, 'validation_fraction': 0.1, 'verbose': 0, 'warm_start': False}
2021-06-18 18:38:24,148:INFO:create_model_container: 20
2021-06-18 18:38:24,148:INFO:master_model_container: 20
2021-06-18 18:38:24,149:INFO:display_container: 1
2021-06-18 18:38:24,149:INFO:ExtraTreesRegressor(bootstrap=False, ccp_alpha=0.0, criterion='mse',
                    max_depth=None, max_features='auto', max_leaf_nodes=None,
                    max_samples=None, min_impurity_decrease=0.0,
                    min_impurity_split=None, min_samples_leaf=1,
                    min_samples_split=2, min_weight_fraction_leaf=0.0,
                    n_estimators=100, n_jobs=-1, oob_score=False,
                    random_state=3910, verbose=0, warm_start=False)
2021-06-18 18:38:24,150:INFO:compare_models() succesfully completed......................................
2021-06-18 18:39:09,741:INFO:gpu_param set to False
2021-06-18 18:39:12,784:INFO:Initializing create_model()
2021-06-18 18:39:12,785:INFO:create_model(estimator=catboost, fold=5, round=4, cross_validation=True, predict=True, fit_kwargs=None, groups=None, refit=True, verbose=True, system=True, metrics=None, display=None, kwargs={})
2021-06-18 18:39:12,785:INFO:Checking exceptions
2021-06-18 18:39:12,785:INFO:Preparing display monitor
2021-06-18 18:39:12,869:INFO:Importing libraries
2021-06-18 18:39:12,870:INFO:Copying training dataset
2021-06-18 18:39:12,871:INFO:Defining folds
2021-06-18 18:39:12,872:INFO:Declaring metric variables
2021-06-18 18:39:12,886:INFO:Importing untrained model
2021-06-18 18:39:12,904:INFO:CatBoost Regressor Imported succesfully
2021-06-18 18:39:12,939:INFO:Starting cross validation
2021-06-18 18:39:12,940:INFO:Cross validating with KFold(n_splits=5, random_state=3910, shuffle=True), n_jobs=-1
2021-06-18 18:39:22,935:INFO:Calculating mean and std
2021-06-18 18:39:22,936:INFO:Creating metrics dataframe
2021-06-18 18:39:22,954:INFO:Finalizing model
2021-06-18 18:39:26,008:INFO:Creating MLFlow logs
2021-06-18 18:39:26,021:INFO:Model: CatBoost Regressor
2021-06-18 18:39:26,057:INFO:logged params: {'nan_mode': 'Min', 'eval_metric': 'RMSE', 'iterations': 1000, 'sampling_frequency': 'PerTree', 'leaf_estimation_method': 'Newton', 'grow_policy': 'SymmetricTree', 'penalties_coefficient': 1, 'boosting_type': 'Plain', 'model_shrink_mode': 'Constant', 'feature_border_type': 'GreedyLogSum', 'bayesian_matrix_reg': 0.10000000149011612, 'l2_leaf_reg': 3, 'random_strength': 1, 'rsm': 1, 'boost_from_average': True, 'model_size_reg': 0.5, 'pool_metainfo_options': {'tags': {}}, 'subsample': 0.800000011920929, 'use_best_model': False, 'random_seed': 3910, 'depth': 6, 'posterior_sampling': False, 'border_count': 254, 'classes_count': 0, 'auto_class_weights': 'None', 'sparse_features_conflict_fraction': 0, 'leaf_estimation_backtracking': 'AnyImprovement', 'best_model_min_trees': 1, 'model_shrink_rate': 0, 'min_data_in_leaf': 1, 'loss_function': 'RMSE', 'learning_rate': 0.05584700033068657, 'score_function': 'Cosine', 'task_type': 'CPU', 'leaf_estimation_iterations': 1, 'bootstrap_type': 'MVS', 'max_leaves': 64}
2021-06-18 18:39:26,080:INFO:Initializing predict_model()
2021-06-18 18:39:26,081:INFO:predict_model(estimator=<catboost.core.CatBoostRegressor object at 0x7fd7e01991f0>, probability_threshold=None, encoded_labels=False, round=4, verbose=False, ml_usecase=None, display=None)
2021-06-18 18:39:26,081:INFO:Checking exceptions
2021-06-18 18:39:26,081:INFO:Preloading libraries
2021-06-18 18:39:28,987:INFO:Uploading results into container
2021-06-18 18:39:28,987:INFO:Uploading model into container now
2021-06-18 18:39:29,026:INFO:create_model_container: 21
2021-06-18 18:39:29,026:INFO:master_model_container: 21
2021-06-18 18:39:29,026:INFO:display_container: 2
2021-06-18 18:39:29,026:INFO:<catboost.core.CatBoostRegressor object at 0x7fd7e01991f0>
2021-06-18 18:39:29,026:INFO:create_model() succesfully completed......................................
2021-06-18 18:40:44,945:INFO:Initializing tune_model()
2021-06-18 18:40:44,945:INFO:tune_model(estimator=<catboost.core.CatBoostRegressor object at 0x7fd7e01991f0>, fold=5, round=4, n_iter=10, custom_grid=None, optimize=R2, custom_scorer=None, search_library=scikit-learn, search_algorithm=None, early_stopping=False, early_stopping_max_iters=10, choose_better=False, fit_kwargs=None, groups=None, return_tuner=False, verbose=True, tuner_verbose=True, display=None, kwargs={})
2021-06-18 18:40:44,947:INFO:Checking exceptions
2021-06-18 18:40:44,947:INFO:Preparing display monitor
2021-06-18 18:40:44,984:INFO:Copying training dataset
2021-06-18 18:40:44,987:INFO:Checking base model
2021-06-18 18:40:44,987:INFO:Base model : CatBoost Regressor
2021-06-18 18:40:45,008:INFO:Declaring metric variables
2021-06-18 18:40:45,028:INFO:Defining Hyperparameters
2021-06-18 18:40:46,475:INFO:Tuning with n_jobs=-1
2021-06-18 18:40:46,475:INFO:Initializing RandomizedSearchCV
